TN:
SF:src/polyfills.ts
FNF:0
FNH:0
LF:0
LH:0
BRF:0
BRH:0
end_of_record
TN:
SF:src/test.ts
FNF:0
FNH:0
DA:18,1
DA:23,1
DA:28,1
LF:3
LH:3
BRF:0
BRH:0
end_of_record
TN:
SF:src/app/app-routing.module.ts
FNF:0
FNH:0
DA:6,1
DA:16,1
LF:2
LH:2
BRF:0
BRH:0
end_of_record
TN:
SF:src/app/app.component.ts
FN:13,(anonymous_0)
FN:15,(anonymous_1)
FN:19,(anonymous_2)
FNF:3
FNH:2
FNDA:4,(anonymous_0)
FNDA:3,(anonymous_1)
FNDA:0,(anonymous_2)
DA:10,1
DA:11,4
DA:13,4
DA:16,3
DA:20,0
LF:5
LH:4
BRF:0
BRH:0
end_of_record
TN:
SF:src/app/app.service.ts
FN:11,(anonymous_0)
FN:19,(anonymous_1)
FN:24,(anonymous_2)
FN:28,(anonymous_3)
FN:32,(anonymous_4)
FN:33,(anonymous_5)
FN:50,(anonymous_6)
FN:52,(anonymous_7)
FN:64,(anonymous_8)
FN:68,(anonymous_9)
FN:72,(anonymous_10)
FN:84,(anonymous_11)
FNF:12
FNH:9
FNDA:7,(anonymous_0)
FNDA:0,(anonymous_1)
FNDA:0,(anonymous_2)
FNDA:1,(anonymous_3)
FNDA:2,(anonymous_4)
FNDA:0,(anonymous_5)
FNDA:1,(anonymous_6)
FNDA:1,(anonymous_7)
FNDA:3,(anonymous_8)
FNDA:3,(anonymous_9)
FNDA:9,(anonymous_10)
FNDA:2,(anonymous_11)
DA:9,1
DA:11,7
DA:13,7
DA:17,7
DA:20,0
DA:21,0
DA:25,0
DA:29,1
DA:33,2
DA:34,0
DA:38,2
DA:39,2
DA:44,2
DA:45,2
DA:47,2
DA:52,1
DA:53,1
DA:56,1
DA:58,1
DA:59,1
DA:61,1
DA:65,3
DA:69,3
DA:73,9
DA:75,9
DA:76,9
DA:77,5
DA:79,9
DA:85,2
LF:29
LH:25
BRDA:38,0,0,2
BRDA:38,0,1,0
BRDA:56,1,0,1
BRDA:56,1,1,0
BRDA:65,2,0,1
BRDA:65,2,1,2
BRDA:76,3,0,5
BRDA:76,3,1,4
BRF:8
BRH:6
end_of_record
TN:
SF:src/app/book-list/book-list.component.ts
FN:18,(anonymous_0)
FN:20,(anonymous_1)
FN:25,(anonymous_2)
FN:26,(anonymous_4)
FN:31,(anonymous_5)
FN:35,(anonymous_6)
FN:39,(anonymous_7)
FNF:7
FNH:7
FNDA:2,(anonymous_0)
FNDA:2,(anonymous_1)
FNDA:2,(anonymous_2)
FNDA:1,(anonymous_4)
FNDA:2,(anonymous_5)
FNDA:1,(anonymous_6)
FNDA:1,(anonymous_7)
DA:11,1
DA:14,2
DA:16,2
DA:18,2
DA:21,2
DA:22,2
DA:26,2
DA:27,1
DA:32,2
DA:36,1
DA:40,1
DA:41,1
LF:12
LH:12
BRDA:40,0,0,1
BRDA:40,0,1,0
BRF:2
BRH:1
end_of_record
TN:
SF:src/app/checkout-detail/checkout-detail.component.ts
FN:12,(anonymous_0)
FN:17,(anonymous_1)
FN:21,(anonymous_2)
FN:25,(anonymous_3)
FNF:4
FNH:3
FNDA:1,(anonymous_0)
FNDA:1,(anonymous_1)
FNDA:1,(anonymous_2)
FNDA:0,(anonymous_3)
DA:10,1
DA:12,1
DA:18,1
DA:22,1
DA:26,0
LF:5
LH:4
BRF:0
BRH:0
end_of_record
